app/build/intermediates/manifest_merge_blame_file/debug/manifest-merger-blame-debug-report.txt
1<?xml version="1.0" encoding="utf-8"?>
2<manifest xmlns:android="http://schemas.android.com/apk/res/android"
3    package="com.akshay.composestudio"
4    android:versionCode="1"
5    android:versionName="1.0" >
6
7    <uses-sdk
8        android:minSdkVersion="21"
8-->src\main\AndroidManifest.xml
9        android:targetSdkVersion="29" />
9-->src\main\AndroidManifest.xml
10
11    <application
11-->src\main\AndroidManifest.xml:5:5-22:19
12        android:allowBackup="true"
12-->src\main\AndroidManifest.xml:6:9-35
13        android:appComponentFactory="androidx.core.app.CoreComponentFactory"
13-->[androidx.core:core:1.3.0] AndroidManifest.xml:24:18-86
14        android:debuggable="true"
15        android:icon="@mipmap/ic_launcher"
15-->src\main\AndroidManifest.xml:7:9-43
16        android:label="@string/app_name"
16-->src\main\AndroidManifest.xml:8:9-41
17        android:roundIcon="@mipmap/ic_launcher_round"
17-->src\main\AndroidManifest.xml:9:9-54
18        android:supportsRtl="true"
18-->src\main\AndroidManifest.xml:10:9-35
19        android:theme="@style/Theme.ComposeStudio" >
19-->src\main\AndroidManifest.xml:11:9-51
20        <activity
20-->src\main\AndroidManifest.xml:12:9-21:20
21            android:name="com.akshay.composestudio.MainActivity"
21-->src\main\AndroidManifest.xml:13:13-41
22            android:label="@string/app_name"
22-->src\main\AndroidManifest.xml:14:13-45
23            android:theme="@style/Theme.ComposeStudio.NoActionBar" >
23-->src\main\AndroidManifest.xml:15:13-67
24            <intent-filter>
24-->src\main\AndroidManifest.xml:16:13-20:29
25                <action android:name="android.intent.action.MAIN" />
25-->src\main\AndroidManifest.xml:17:17-69
25-->src\main\AndroidManifest.xml:17:25-66
26
27                <category android:name="android.intent.category.LAUNCHER" />
27-->src\main\AndroidManifest.xml:19:17-77
27-->src\main\AndroidManifest.xml:19:27-74
28            </intent-filter>
29        </activity>
30        <activity
30-->[androidx.ui:ui-tooling:0.1.0-dev09] AndroidManifest.xml:25:9-28:79
31            android:name="androidx.ui.tooling.preview.PreviewActivity"
31-->[androidx.ui:ui-tooling:0.1.0-dev09] AndroidManifest.xml:26:13-71
32            android:exported="true"
32-->[androidx.ui:ui-tooling:0.1.0-dev09] AndroidManifest.xml:27:13-36
33            android:theme="@android:style/Theme.Material.Light.NoActionBar" />
33-->[androidx.ui:ui-tooling:0.1.0-dev09] AndroidManifest.xml:28:13-76
34    </application>
35
36</manifest>